EXIST
 [ "x[0]"=1 | 1 | 1.00 ] **  [ "x[1]"=0 | 0 | 0.00 ] **  [ "x[2]"=0 | 0 | 0.00 ] **  [ "x[3]"=1 | 1 | 0.87 ] **  [ "x[4]"=0 | 0 | 0.00 ] ** 
 [ "x[5]"=0 | 0 | 0.00 ] **  [ "x[6]"=0 | 0 | 0.00 ] **  [ "x[7]"=0 | 0 | 0.00 ] **  [ "x[8]"=0 | 0 | 0.00 ] **  [ "x[9]"=0 | 0 | 0.00 ] ** 
 [ "x[10]"=0 | 0 | 0.00 ] **  [ "x[11]"=0 | 0 | 0.60 ] **  [ "x[12]"=0 | 0 | 0.00 ] **  [ "x[13]"=0 | 0 | 0.00 ] **  [ "x[14]"=0 | 0 | 0.00 ] ** 
 [ "x[15]"=0 | 0 | 0.00 ] **  [ "x[16]"=0 | 0 | 0.00 ] **  [ "x[17]"=1 | 1 | 1.00 ] **  [ "x[18]"=0 | 0 | 0.00 ] **  [ "x[19]"=0 | 0 | 0.00 ] ** 
 [ "x[20]"=1 | 1 | 0.72 ] **  [ "x[21]"=0 | 0 | 0.00 ] **  [ "x[22]"=0 | 0 | 0.00 ] **  [ "x[23]"=1 | 1 | 0.81 ] **  [ "x[24]"=0 | 0 | 0.00 ] ** 
 [ "x[25]"=0 | 0 | 0.00 ] **  [ "x[26]"=0 | 0 | 0.00 ] **  [ "x[27]"=0 | 0 | 0.00 ] **  [ "x[28]"=1 | 1 | 1.00 ] **  [ "x[29]"=1 | 1 | 1.00 ] ** 
 [ "x[30]"=1 | 1 | 1.00 ] **  [ "x[31]"=1 | 1 | 1.00 ] **  [ "x[32]"=0 | 0 | 0.00 ] **  [ "x[33]"=1 | 1 | 0.87 ] **  [ "x[34]"=0 | 0 | 0.00 ] ** 
 [ "x[35]"=0 | 0 | 0.00 ] **  [ "x[36]"=0 | 0 | 0.00 ] **  [ "x[37]"=1 | 1 | 1.00 ] **  [ "x[38]"=0 | 0 | 0.00 ] **  [ "x[39]"=0 | 0 | 0.00 ] ** 
UNIV
 [ "u[0]"=0 | -2- ] **  [ "u[1]"=0 | -2- ] **  [ "u[2]"=0 | -2- ] **  [ "u[3]"=0 | -2- ] **  [ "u[4]"=0 | -2- ] ** 
 [ "u[5]"=0 | -2- ] **  [ "u[6]"=0 | -2- ] **  [ "u[7]"=0 | -2- ] **  [ "u[8]"=0 | -2- ] **  [ "u[9]"=0 | -2- ] ** 
 [ "u[10]"=0 | -2- ] **  [ "u[11]"=0 | -2- ] **  [ "u[12]"=0 | -2- ] **  [ "u[13]"=0 | -2- ] **  [ "u[14]"=1 | -2- ] ** 
 [ "u[15]"=0 | -2- ] **  [ "u[16]"=0 | -2- ] **  [ "u[17]"=0 | -2- ] **  [ "u[18]"=0 | -2- ] **  [ "u[19]"=0 | -2- ] ** 
 [ "u[20]"=0 | -2- ] **  [ "u[21]"=0 | -2- ] **  [ "u[22]"=0 | -2- ] **  [ "u[23]"=0 | -2- ] **  [ "u[24]"=0 | -2- ] ** 
 [ "u[25]"=0 | -2- ] **  [ "u[26]"=0 | -2- ] **  [ "u[27]"=0 | -2- ] **  [ "u[28]"=0 | -2- ] **  [ "u[29]"=0 | -2- ] ** 
 [ "u[30]"=1 | -2- ] **  [ "u[31]"=0 | -2- ] **  [ "u[32]"=0 | -2- ] **  [ "u[33]"=0 | -2- ] **  [ "u[34]"=0 | -2- ] ** 
 [ "u[35]"=0 | -2- ] **  [ "u[36]"=0 | -2- ] **  [ "u[37]"=1 | -2- ] **  [ "u[38]"=0 | -2- ] **  [ "u[39]"=0 | -2- ] ** 
EXIST
 [ "r[0]"=0 | -3- ] **  [ "r[1]"=0 | -3- ] **  [ "r[2]"=0 | -3- ] **  [ "r[3]"=0 | -3- ] **  [ "r[4]"=0 | -3- ] ** 
 [ "r[5]"=0 | -3- ] **  [ "r[6]"=0 | -3- ] **  [ "r[7]"=0 | -3- ] **  [ "r[8]"=0 | -3- ] **  [ "r[9]"=0 | -3- ] ** 
 [ "r[10]"=0 | -3- ] **  [ "r[11]"=0 | -3- ] **  [ "r[12]"=0 | -3- ] **  [ "r[13]"=0 | -3- ] **  [ "r[14]"=0 | -3- ] ** 
 [ "r[15]"=0 | -3- ] **  [ "r[16]"=0 | -3- ] **  [ "r[17]"=0 | -3- ] **  [ "r[18]"=0 | -3- ] **  [ "r[19]"=0 | -3- ] ** 
 [ "r[20]"=0 | -3- ] **  [ "r[21]"=0 | -3- ] **  [ "r[22]"=0 | -3- ] **  [ "r[23]"=0 | -3- ] **  [ "r[24]"=0 | -3- ] ** 
 [ "r[25]"=0 | -3- ] **  [ "r[26]"=0 | -3- ] **  [ "r[27]"=0 | -3- ] **  [ "r[28]"=0 | -3- ] **  [ "r[29]"=0 | -3- ] ** 
 [ "r[30]"=1 | -3- ] **  [ "r[31]"=0 | -3- ] **  [ "r[32]"=0 | -3- ] **  [ "r[33]"=0 | -3- ] **  [ "r[34]"=0 | -3- ] ** 
 [ "r[35]"=0 | -3- ] **  [ "r[36]"=0 | -3- ] **  [ "r[37]"=1 | -3- ] **  [ "r[38]"=0 | -3- ] **  [ "r[39]"=0 | -3- ] ** 
FINAL PV VALUE IS -712.000000. Global score = -712.000000 Objective=-712.000000
char pvsol[] = "100100000000000001001001000011110100010000000000000000100000000000000010000001000000000000000000000000000000001000000100"
EXIST
 [ "x[0]"=1 | 1 | 1.00 ] **  [ "x[1]"=0 | 0 | 0.00 ] **  [ "x[2]"=0 | 0 | 0.00 ] **  [ "x[3]"=1 | 1 | 0.95 ] **  [ "x[4]"=0 | 0 | 0.00 ] ** 
 [ "x[5]"=0 | 0 | 0.00 ] **  [ "x[6]"=0 | 0 | 0.00 ] **  [ "x[7]"=0 | 0 | 0.00 ] **  [ "x[8]"=0 | 0 | 0.00 ] **  [ "x[9]"=0 | 0 | 0.00 ] ** 
 [ "x[10]"=0 | 0 | 0.00 ] **  [ "x[11]"=0 | 0 | 0.68 ] **  [ "x[12]"=0 | 0 | 0.00 ] **  [ "x[13]"=0 | 0 | 0.00 ] **  [ "x[14]"=0 | 0 | 0.00 ] ** 
 [ "x[15]"=0 | 0 | 0.00 ] **  [ "x[16]"=0 | 0 | 0.00 ] **  [ "x[17]"=1 | 1 | 1.08 ] **  [ "x[18]"=0 | 0 | 0.00 ] **  [ "x[19]"=0 | 0 | 0.00 ] ** 
 [ "x[20]"=1 | 1 | 0.80 ] **  [ "x[21]"=0 | 0 | 0.00 ] **  [ "x[22]"=0 | 0 | 0.00 ] **  [ "x[23]"=1 | 1 | 0.89 ] **  [ "x[24]"=0 | 0 | 0.00 ] ** 
 [ "x[25]"=0 | 0 | 0.00 ] **  [ "x[26]"=0 | 0 | 0.00 ] **  [ "x[27]"=0 | 0 | 0.00 ] **  [ "x[28]"=1 | 1 | 1.08 ] **  [ "x[29]"=1 | 1 | 1.00 ] ** 
 [ "x[30]"=1 | 1 | 1.00 ] **  [ "x[31]"=1 | 1 | 1.00 ] **  [ "x[32]"=0 | 0 | 0.00 ] **  [ "x[33]"=1 | 1 | 0.95 ] **  [ "x[34]"=0 | 0 | 0.00 ] ** 
 [ "x[35]"=0 | 0 | 0.00 ] **  [ "x[36]"=0 | 0 | -0.08 ] **  [ "x[37]"=1 | 1 | 1.00 ] **  [ "x[38]"=0 | 0 | -0.08 ] **  [ "x[39]"=0 | 0 | 0.00 ] ** 
UNIV
 [ "u[0]"=0 | -2- ] **  [ "u[1]"=0 | -2- ] **  [ "u[2]"=0 | -2- ] **  [ "u[3]"=0 | -2- ] **  [ "u[4]"=0 | -2- ] ** 
 [ "u[5]"=0 | -2- ] **  [ "u[6]"=0 | -2- ] **  [ "u[7]"=0 | -2- ] **  [ "u[8]"=0 | -2- ] **  [ "u[9]"=0 | -2- ] ** 
 [ "u[10]"=0 | -2- ] **  [ "u[11]"=0 | -2- ] **  [ "u[12]"=0 | -2- ] **  [ "u[13]"=0 | -2- ] **  [ "u[14]"=0 | -2- ] ** 
 [ "u[15]"=0 | -2- ] **  [ "u[16]"=0 | -2- ] **  [ "u[17]"=0 | -2- ] **  [ "u[18]"=1 | -2- ] **  [ "u[19]"=0 | -2- ] ** 
 [ "u[20]"=1 | -2- ] **  [ "u[21]"=0 | -2- ] **  [ "u[22]"=0 | -2- ] **  [ "u[23]"=0 | -2- ] **  [ "u[24]"=0 | -2- ] ** 
 [ "u[25]"=0 | -2- ] **  [ "u[26]"=0 | -2- ] **  [ "u[27]"=0 | -2- ] **  [ "u[28]"=1 | -2- ] **  [ "u[29]"=1 | -2- ] ** 
 [ "u[30]"=0 | -2- ] **  [ "u[31]"=0 | -2- ] **  [ "u[32]"=0 | -2- ] **  [ "u[33]"=0 | -2- ] **  [ "u[34]"=0 | -2- ] ** 
 [ "u[35]"=0 | -2- ] **  [ "u[36]"=0 | -2- ] **  [ "u[37]"=0 | -2- ] **  [ "u[38]"=0 | -2- ] **  [ "u[39]"=0 | -2- ] ** 
 [ "r[0]"=0 | -2- ] **  [ "r[1]"=0 | -2- ] **  [ "r[2]"=0 | -2- ] **  [ "r[3]"=0 | -2- ] **  [ "r[4]"=0 | -2- ] ** 
 [ "r[5]"=0 | -2- ] **  [ "r[6]"=0 | -2- ] **  [ "r[7]"=0 | -2- ] **  [ "r[8]"=0 | -2- ] **  [ "r[9]"=0 | -2- ] ** 
 [ "r[10]"=0 | -2- ] **  [ "r[11]"=0 | -2- ] **  [ "r[12]"=0 | -2- ] **  [ "r[13]"=0 | -2- ] **  [ "r[14]"=0 | -2- ] ** 
 [ "r[15]"=0 | -2- ] **  [ "r[16]"=0 | -2- ] **  [ "r[17]"=0 | -2- ] **  [ "r[18]"=0 | -2- ] **  [ "r[19]"=0 | -2- ] ** 
 [ "r[20]"=1 | -2- ] **  [ "r[21]"=0 | -2- ] **  [ "r[22]"=0 | -2- ] **  [ "r[23]"=0 | -2- ] **  [ "r[24]"=0 | -2- ] ** 
 [ "r[25]"=0 | -2- ] **  [ "r[26]"=0 | -2- ] **  [ "r[27]"=0 | -2- ] **  [ "r[28]"=1 | -2- ] **  [ "r[29]"=1 | -2- ] ** 
 [ "r[30]"=0 | -2- ] **  [ "r[31]"=0 | -2- ] **  [ "r[32]"=0 | -2- ] **  [ "r[33]"=0 | -2- ] **  [ "r[34]"=0 | -2- ] ** 
 [ "r[35]"=0 | -2- ] **  [ "r[36]"=0 | -2- ] **  [ "r[37]"=0 | -2- ] **  [ "r[38]"=0 | -2- ] **  [ "r[39]"=0 | -2- ] ** 
EXIST
 [ "AuxVar"=0 | -3- ] ** 
FINAL PV VALUE IS -712.000000. Global score = -712.000000 Objective=-712.000000
char pvsol[] = "1001000000000000010010010000111101000100000000000000000000101000000011000000000000000000000000000000100000001100000000000"
EXIST
 [ "x[0]"=1 | 1 | 1.00 ] **  [ "x[1]"=0 | 0 | 0.00 ] **  [ "x[2]"=0 | 0 | 0.00 ] **  [ "x[3]"=1 | 1 | 0.95 ] **  [ "x[4]"=0 | 0 | 0.00 ] ** 
 [ "x[5]"=0 | 0 | 0.00 ] **  [ "x[6]"=0 | 0 | 0.00 ] **  [ "x[7]"=0 | 0 | 0.00 ] **  [ "x[8]"=0 | 0 | -0.13 ] **  [ "x[9]"=0 | 0 | 0.00 ] ** 
 [ "x[10]"=0 | 0 | 0.00 ] **  [ "x[11]"=0 | 0 | 0.73 ] **  [ "x[12]"=0 | 0 | 0.00 ] **  [ "x[13]"=0 | 0 | 0.00 ] **  [ "x[14]"=0 | 0 | 0.00 ] ** 
 [ "x[15]"=0 | 0 | 0.00 ] **  [ "x[16]"=0 | 0 | 0.00 ] **  [ "x[17]"=1 | 1 | 1.08 ] **  [ "x[18]"=0 | 0 | 0.00 ] **  [ "x[19]"=0 | 0 | 0.00 ] ** 
 [ "x[20]"=1 | 1 | 0.85 ] **  [ "x[21]"=0 | 0 | 0.00 ] **  [ "x[22]"=0 | 0 | -0.13 ] **  [ "x[23]"=1 | 1 | 0.94 ] **  [ "x[24]"=0 | 0 | 0.00 ] ** 
 [ "x[25]"=0 | 0 | 0.00 ] **  [ "x[26]"=0 | 0 | 0.00 ] **  [ "x[27]"=0 | 0 | 0.00 ] **  [ "x[28]"=1 | 1 | 1.13 ] **  [ "x[29]"=1 | 1 | 1.05 ] ** 
 [ "x[30]"=1 | 1 | 1.00 ] **  [ "x[31]"=1 | 1 | 1.00 ] **  [ "x[32]"=0 | 0 | 0.00 ] **  [ "x[33]"=1 | 1 | 1.00 ] **  [ "x[34]"=0 | 0 | 0.00 ] ** 
 [ "x[35]"=0 | 0 | 0.00 ] **  [ "x[36]"=0 | 0 | 0.00 ] **  [ "x[37]"=1 | 1 | 1.13 ] **  [ "x[38]"=0 | 0 | 0.00 ] **  [ "x[39]"=0 | 0 | 0.00 ] ** 
UNIV
 [ "u[0]"=0 | -2- ] **  [ "u[1]"=0 | -2- ] **  [ "u[2]"=0 | -2- ] **  [ "u[3]"=0 | -2- ] **  [ "u[4]"=0 | -2- ] ** 
 [ "u[5]"=0 | -2- ] **  [ "u[6]"=1 | -2- ] **  [ "u[7]"=0 | -2- ] **  [ "u[8]"=1 | -2- ] **  [ "u[9]"=1 | -2- ] ** 
 [ "u[10]"=0 | -2- ] **  [ "u[11]"=0 | -2- ] **  [ "u[12]"=0 | -2- ] **  [ "u[13]"=0 | -2- ] **  [ "u[14]"=0 | -2- ] ** 
 [ "u[15]"=0 | -2- ] **  [ "u[16]"=0 | -2- ] **  [ "u[17]"=0 | -2- ] **  [ "u[18]"=0 | -2- ] **  [ "u[19]"=0 | -2- ] ** 
 [ "u[20]"=1 | -2- ] **  [ "u[21]"=0 | -2- ] **  [ "u[22]"=0 | -2- ] **  [ "u[23]"=1 | -2- ] **  [ "u[24]"=0 | -2- ] ** 
 [ "u[25]"=0 | -2- ] **  [ "u[26]"=0 | -2- ] **  [ "u[27]"=0 | -2- ] **  [ "u[28]"=1 | -2- ] **  [ "u[29]"=0 | -2- ] ** 
 [ "u[30]"=0 | -2- ] **  [ "u[31]"=0 | -2- ] **  [ "u[32]"=0 | -2- ] **  [ "u[33]"=0 | -2- ] **  [ "u[34]"=0 | -2- ] ** 
 [ "u[35]"=0 | -2- ] **  [ "u[36]"=0 | -2- ] **  [ "u[37]"=0 | -2- ] **  [ "u[38]"=0 | -2- ] **  [ "u[39]"=0 | -2- ] ** 
 [ "r[0]"=0 | -2- ] **  [ "r[1]"=0 | -2- ] **  [ "r[2]"=0 | -2- ] **  [ "r[3]"=0 | -2- ] **  [ "r[4]"=0 | -2- ] ** 
 [ "r[5]"=0 | -2- ] **  [ "r[6]"=0 | -2- ] **  [ "r[7]"=0 | -2- ] **  [ "r[8]"=0 | -2- ] **  [ "r[9]"=0 | -2- ] ** 
 [ "r[10]"=0 | -2- ] **  [ "r[11]"=0 | -2- ] **  [ "r[12]"=0 | -2- ] **  [ "r[13]"=0 | -2- ] **  [ "r[14]"=0 | -2- ] ** 
 [ "r[15]"=0 | -2- ] **  [ "r[16]"=0 | -2- ] **  [ "r[17]"=0 | -2- ] **  [ "r[18]"=0 | -2- ] **  [ "r[19]"=0 | -2- ] ** 
 [ "r[20]"=1 | -2- ] **  [ "r[21]"=0 | -2- ] **  [ "r[22]"=0 | -2- ] **  [ "r[23]"=1 | -2- ] **  [ "r[24]"=0 | -2- ] ** 
 [ "r[25]"=0 | -2- ] **  [ "r[26]"=0 | -2- ] **  [ "r[27]"=0 | -2- ] **  [ "r[28]"=1 | -2- ] **  [ "r[29]"=0 | -2- ] ** 
 [ "r[30]"=0 | -2- ] **  [ "r[31]"=0 | -2- ] **  [ "r[32]"=0 | -2- ] **  [ "r[33]"=0 | -2- ] **  [ "r[34]"=0 | -2- ] ** 
 [ "r[35]"=0 | -2- ] **  [ "r[36]"=0 | -2- ] **  [ "r[37]"=0 | -2- ] **  [ "r[38]"=0 | -2- ] **  [ "r[39]"=0 | -2- ] ** 
EXIST
 [ "AuxVar"=0 | -3- ] ** 
FINAL PV VALUE IS -712.000000. Global score = -712.000000 Objective=-712.000000
char pvsol[] = "1001000000000000010010010000111101000100000000101100000000001001000010000000000000000000000000000000100100001000000000000"
EXIST
 [ "x[0]"=1 | 1 | 1.00 ] **  [ "x[1]"=0 | 0 | 0.00 ] **  [ "x[2]"=0 | 0 | 0.00 ] **  [ "x[3]"=1 | 1 | 1.00 ] **  [ "x[4]"=0 | 0 | 0.00 ] ** 
 [ "x[5]"=0 | 0 | 0.00 ] **  [ "x[6]"=0 | 0 | 0.00 ] **  [ "x[7]"=0 | 0 | 0.00 ] **  [ "x[8]"=0 | 0 | 0.00 ] **  [ "x[9]"=0 | 0 | 0.00 ] ** 
 [ "x[10]"=0 | 0 | 0.00 ] **  [ "x[11]"=0 | 0 | 0.60 ] **  [ "x[12]"=0 | 0 | 0.00 ] **  [ "x[13]"=0 | 0 | 0.00 ] **  [ "x[14]"=0 | 0 | 0.00 ] ** 
 [ "x[15]"=0 | 0 | 0.00 ] **  [ "x[16]"=0 | 0 | 0.00 ] **  [ "x[17]"=1 | 1 | 1.00 ] **  [ "x[18]"=0 | 0 | 0.00 ] **  [ "x[19]"=0 | 0 | 0.00 ] ** 
 [ "x[20]"=1 | 1 | 0.72 ] **  [ "x[21]"=0 | 0 | 0.00 ] **  [ "x[22]"=0 | 0 | 0.00 ] **  [ "x[23]"=1 | 1 | 0.81 ] **  [ "x[24]"=0 | 0 | 0.00 ] ** 
 [ "x[25]"=0 | 0 | 0.00 ] **  [ "x[26]"=0 | 0 | 0.00 ] **  [ "x[27]"=0 | 0 | 0.00 ] **  [ "x[28]"=1 | 1 | 1.00 ] **  [ "x[29]"=1 | 1 | 0.87 ] ** 
 [ "x[30]"=1 | 1 | 1.00 ] **  [ "x[31]"=1 | 1 | 1.00 ] **  [ "x[32]"=0 | 0 | 0.00 ] **  [ "x[33]"=1 | 1 | 1.00 ] **  [ "x[34]"=0 | 0 | 0.00 ] ** 
 [ "x[35]"=0 | 0 | 0.00 ] **  [ "x[36]"=0 | 0 | 0.00 ] **  [ "x[37]"=1 | 1 | 1.00 ] **  [ "x[38]"=0 | 0 | 0.00 ] **  [ "x[39]"=0 | 0 | 0.00 ] ** 
UNIV
 [ "u[0]"=0 | -2- ] **  [ "u[1]"=0 | -2- ] **  [ "u[2]"=0 | -2- ] **  [ "u[3]"=0 | -2- ] **  [ "u[4]"=0 | -2- ] ** 
 [ "u[5]"=0 | -2- ] **  [ "u[6]"=0 | -2- ] **  [ "u[7]"=0 | -2- ] **  [ "u[8]"=0 | -2- ] **  [ "u[9]"=0 | -2- ] ** 
 [ "u[10]"=0 | -2- ] **  [ "u[11]"=0 | -2- ] **  [ "u[12]"=0 | -2- ] **  [ "u[13]"=0 | -2- ] **  [ "u[14]"=0 | -2- ] ** 
 [ "u[15]"=0 | -2- ] **  [ "u[16]"=0 | -2- ] **  [ "u[17]"=0 | -2- ] **  [ "u[18]"=0 | -2- ] **  [ "u[19]"=0 | -2- ] ** 
 [ "u[20]"=1 | -2- ] **  [ "u[21]"=0 | -2- ] **  [ "u[22]"=0 | -2- ] **  [ "u[23]"=0 | -2- ] **  [ "u[24]"=0 | -2- ] ** 
 [ "u[25]"=0 | -2- ] **  [ "u[26]"=0 | -2- ] **  [ "u[27]"=0 | -2- ] **  [ "u[28]"=1 | -2- ] **  [ "u[29]"=1 | -2- ] ** 
 [ "u[30]"=1 | -2- ] **  [ "u[31]"=0 | -2- ] **  [ "u[32]"=0 | -2- ] **  [ "u[33]"=0 | -2- ] **  [ "u[34]"=0 | -2- ] ** 
 [ "u[35]"=0 | -2- ] **  [ "u[36]"=0 | -2- ] **  [ "u[37]"=0 | -2- ] **  [ "u[38]"=0 | -2- ] **  [ "u[39]"=0 | -2- ] ** 
EXIST
 [ "AuxVar"=0 | -3- ] ** 
FINAL PV VALUE IS -712.000000. Global score = -712.000000 Objective=-712.000000
char pvsol[] = "100100000000000001001001000011110100010000000000000000000000100000001110000000000"
EXIST
 [ "x[0]"=1 | 1 | 1.00 ] **  [ "x[1]"=0 | 0 | 0.00 ] **  [ "x[2]"=0 | 0 | 0.00 ] **  [ "x[3]"=1 | 1 | 0.68 ] **  [ "x[4]"=0 | 0 | 0.00 ] ** 
 [ "x[5]"=0 | 0 | 0.00 ] **  [ "x[6]"=0 | 0 | 0.00 ] **  [ "x[7]"=0 | 0 | 0.00 ] **  [ "x[8]"=0 | 0 | 0.00 ] **  [ "x[9]"=0 | 0 | 0.00 ] ** 
 [ "x[10]"=0 | 0 | 0.00 ] **  [ "x[11]"=0 | 0 | 0.00 ] **  [ "x[12]"=0 | 0 | 0.00 ] **  [ "x[13]"=0 | 0 | 0.00 ] **  [ "x[14]"=0 | 0 | 0.32 ] ** 
 [ "x[15]"=0 | 0 | 0.00 ] **  [ "x[16]"=0 | 0 | 0.00 ] **  [ "x[17]"=1 | 1 | 0.68 ] **  [ "x[18]"=0 | 0 | 0.00 ] **  [ "x[19]"=0 | 0 | 0.00 ] ** 
 [ "x[20]"=1 | 1 | 0.68 ] **  [ "x[21]"=0 | 0 | 0.00 ] **  [ "x[22]"=0 | 0 | 0.00 ] **  [ "x[23]"=1 | 1 | 0.68 ] **  [ "x[24]"=0 | 0 | 0.00 ] ** 
 [ "x[25]"=0 | 0 | 0.00 ] **  [ "x[26]"=0 | 0 | 0.00 ] **  [ "x[27]"=0 | 0 | 0.00 ] **  [ "x[28]"=1 | 1 | 0.40 ] **  [ "x[29]"=1 | 1 | 0.68 ] ** 
 [ "x[30]"=1 | 1 | 1.00 ] **  [ "x[31]"=1 | 1 | 1.00 ] **  [ "x[32]"=0 | 0 | 0.00 ] **  [ "x[33]"=1 | 1 | 0.68 ] **  [ "x[34]"=0 | 0 | 0.00 ] ** 
 [ "x[35]"=0 | 0 | 0.00 ] **  [ "x[36]"=0 | 0 | 0.00 ] **  [ "x[37]"=1 | 1 | 0.68 ] **  [ "x[38]"=0 | 0 | 0.32 ] **  [ "x[39]"=0 | 0 | 0.00 ] ** 
UNIV
 [ "u[0]"=1 | -2- ] **  [ "u[1]"=0 | -2- ] **  [ "u[2]"=0 | -2- ] **  [ "u[3]"=0 | -2- ] **  [ "u[4]"=0 | -2- ] ** 
 [ "u[5]"=0 | -2- ] **  [ "u[6]"=0 | -2- ] **  [ "u[7]"=0 | -2- ] **  [ "u[8]"=1 | -2- ] **  [ "u[9]"=0 | -2- ] ** 
 [ "u[10]"=0 | -2- ] **  [ "u[11]"=0 | -2- ] **  [ "u[12]"=0 | -2- ] **  [ "u[13]"=0 | -2- ] **  [ "u[14]"=0 | -2- ] ** 
 [ "u[15]"=0 | -2- ] **  [ "u[16]"=0 | -2- ] **  [ "u[17]"=0 | -2- ] **  [ "u[18]"=0 | -2- ] **  [ "u[19]"=0 | -2- ] ** 
 [ "u[20]"=0 | -2- ] **  [ "u[21]"=0 | -2- ] **  [ "u[22]"=0 | -2- ] **  [ "u[23]"=0 | -2- ] **  [ "u[24]"=0 | -2- ] ** 
 [ "u[25]"=0 | -2- ] **  [ "u[26]"=0 | -2- ] **  [ "u[27]"=0 | -2- ] **  [ "u[28]"=0 | -2- ] **  [ "u[29]"=1 | -2- ] ** 
 [ "u[30]"=0 | -2- ] **  [ "u[31]"=0 | -2- ] **  [ "u[32]"=0 | -2- ] **  [ "u[33]"=0 | -2- ] **  [ "u[34]"=0 | -2- ] ** 
 [ "u[35]"=1 | -2- ] **  [ "u[36]"=0 | -2- ] **  [ "u[37]"=0 | -2- ] **  [ "u[38]"=0 | -2- ] **  [ "u[39]"=0 | -2- ] ** 
EXIST
 [ "r[0]"=1 | -3- ] **  [ "r[1]"=0 | -3- ] **  [ "r[2]"=0 | -3- ] **  [ "r[3]"=1 | -3- ] **  [ "r[4]"=0 | -3- ] ** 
 [ "r[5]"=0 | -3- ] **  [ "r[6]"=0 | -3- ] **  [ "r[7]"=0 | -3- ] **  [ "r[8]"=0 | -3- ] **  [ "r[9]"=0 | -3- ] ** 
 [ "r[10]"=0 | -3- ] **  [ "r[11]"=0 | -3- ] **  [ "r[12]"=0 | -3- ] **  [ "r[13]"=0 | -3- ] **  [ "r[14]"=0 | -3- ] ** 
 [ "r[15]"=0 | -3- ] **  [ "r[16]"=0 | -3- ] **  [ "r[17]"=0 | -3- ] **  [ "r[18]"=0 | -3- ] **  [ "r[19]"=0 | -3- ] ** 
 [ "r[20]"=0 | -3- ] **  [ "r[21]"=0 | -3- ] **  [ "r[22]"=0 | -3- ] **  [ "r[23]"=0 | -3- ] **  [ "r[24]"=0 | -3- ] ** 
 [ "r[25]"=0 | -3- ] **  [ "r[26]"=0 | -3- ] **  [ "r[27]"=0 | -3- ] **  [ "r[28]"=0 | -3- ] **  [ "r[29]"=1 | -3- ] ** 
 [ "r[30]"=1 | -3- ] **  [ "r[31]"=1 | -3- ] **  [ "r[32]"=0 | -3- ] **  [ "r[33]"=0 | -3- ] **  [ "r[34]"=0 | -3- ] ** 
 [ "r[35]"=0 | -3- ] **  [ "r[36]"=0 | -3- ] **  [ "r[37]"=1 | -3- ] **  [ "r[38]"=0 | -3- ] **  [ "r[39]"=0 | -3- ] ** 
FINAL PV VALUE IS -712.000000. Global score = -712.000000 Objective=-712.000000
char pvsol[] = "100100000000000001001001000011110100010010000000100000000000000000000100000100001001000000000000000000000000011100000100"
EXIST
 [ "x[0]"=1 | 1 | 1.00 ] **  [ "x[1]"=0 | 0 | 0.00 ] **  [ "x[2]"=0 | 0 | 0.00 ] **  [ "x[3]"=1 | 1 | 1.00 ] **  [ "x[4]"=0 | 0 | 0.00 ] ** 
 [ "x[5]"=0 | 0 | 0.00 ] **  [ "x[6]"=0 | 0 | 0.00 ] **  [ "x[7]"=1 | 1 | 1.00 ] **  [ "x[8]"=0 | 0 | 0.00 ] **  [ "x[9]"=0 | 0 | 0.00 ] ** 
 [ "x[10]"=0 | 0 | 0.00 ] **  [ "x[11]"=0 | 0 | 0.00 ] **  [ "x[12]"=0 | 0 | 0.00 ] **  [ "x[13]"=0 | 0 | 0.00 ] **  [ "x[14]"=0 | 0 | 0.00 ] ** 
 [ "x[15]"=0 | 0 | 0.00 ] **  [ "x[16]"=0 | 0 | 0.00 ] **  [ "x[17]"=0 | 0 | 0.00 ] **  [ "x[18]"=0 | 0 | 0.00 ] **  [ "x[19]"=0 | 0 | 0.00 ] ** 
 [ "x[20]"=0 | 0 | 0.00 ] **  [ "x[21]"=0 | 0 | 0.00 ] **  [ "x[22]"=0 | 0 | 0.00 ] **  [ "x[23]"=0 | 0 | 0.00 ] **  [ "x[24]"=0 | 0 | 0.00 ] ** 
 [ "x[25]"=0 | 0 | 0.00 ] **  [ "x[26]"=0 | 0 | 0.00 ] **  [ "x[27]"=0 | 0 | 0.00 ] **  [ "x[28]"=0 | 0 | 0.00 ] **  [ "x[29]"=0 | 0 | 0.00 ] ** 
 [ "x[30]"=1 | 1 | 1.00 ] **  [ "x[31]"=1 | 1 | 1.00 ] **  [ "x[32]"=1 | 1 | 1.00 ] **  [ "x[33]"=0 | 0 | 0.00 ] **  [ "x[34]"=0 | 0 | 0.00 ] ** 
 [ "x[35]"=0 | 0 | 0.00 ] **  [ "x[36]"=0 | 0 | 0.00 ] **  [ "x[37]"=1 | 1 | 1.00 ] **  [ "x[38]"=0 | 0 | 0.00 ] **  [ "x[39]"=1 | 1 | 1.00 ] ** 
UNIV
 [ "u[0]"=-2 | -2- ] **  [ "u[1]"=-2 | -2- ] **  [ "u[2]"=-2 | -2- ] **  [ "u[3]"=-2 | -2- ] **  [ "u[4]"=-2 | -2- ] ** 
 [ "u[5]"=-2 | -2- ] **  [ "u[6]"=-2 | -2- ] **  [ "u[7]"=-2 | -2- ] **  [ "u[8]"=-2 | -2- ] **  [ "u[9]"=-2 | -2- ] ** 
 [ "u[10]"=-2 | -2- ] **  [ "u[11]"=-2 | -2- ] **  [ "u[12]"=-2 | -2- ] **  [ "u[13]"=-2 | -2- ] **  [ "u[14]"=-2 | -2- ] ** 
 [ "u[15]"=-2 | -2- ] **  [ "u[16]"=-2 | -2- ] **  [ "u[17]"=-2 | -2- ] **  [ "u[18]"=-2 | -2- ] **  [ "u[19]"=-2 | -2- ] ** 
 [ "u[20]"=-2 | -2- ] **  [ "u[21]"=-2 | -2- ] **  [ "u[22]"=-2 | -2- ] **  [ "u[23]"=-2 | -2- ] **  [ "u[24]"=-2 | -2- ] ** 
 [ "u[25]"=-2 | -2- ] **  [ "u[26]"=-2 | -2- ] **  [ "u[27]"=-2 | -2- ] **  [ "u[28]"=-2 | -2- ] **  [ "u[29]"=-2 | -2- ] ** 
 [ "u[30]"=-2 | -2- ] **  [ "u[31]"=-2 | -2- ] **  [ "u[32]"=-2 | -2- ] **  [ "u[33]"=-2 | -2- ] **  [ "u[34]"=-2 | -2- ] ** 
 [ "u[35]"=-2 | -2- ] **  [ "u[36]"=-2 | -2- ] **  [ "u[37]"=-2 | -2- ] **  [ "u[38]"=-2 | -2- ] **  [ "u[39]"=-2 | -2- ] ** 
EXIST
 [ "r[0]"=-2 | -3- ] **  [ "r[1]"=-2 | -3- ] **  [ "r[2]"=-2 | -3- ] **  [ "r[3]"=-2 | -3- ] **  [ "r[4]"=-2 | -3- ] ** 
 [ "r[5]"=-2 | -3- ] **  [ "r[6]"=-2 | -3- ] **  [ "r[7]"=-2 | -3- ] **  [ "r[8]"=-2 | -3- ] **  [ "r[9]"=-2 | -3- ] ** 
 [ "r[10]"=-2 | -3- ] **  [ "r[11]"=-2 | -3- ] **  [ "r[12]"=-2 | -3- ] **  [ "r[13]"=-2 | -3- ] **  [ "r[14]"=-2 | -3- ] ** 
 [ "r[15]"=-2 | -3- ] **  [ "r[16]"=-2 | -3- ] **  [ "r[17]"=-2 | -3- ] **  [ "r[18]"=-2 | -3- ] **  [ "r[19]"=-2 | -3- ] ** 
 [ "r[20]"=-2 | -3- ] **  [ "r[21]"=-2 | -3- ] **  [ "r[22]"=-2 | -3- ] **  [ "r[23]"=-2 | -3- ] **  [ "r[24]"=-2 | -3- ] ** 
 [ "r[25]"=-2 | -3- ] **  [ "r[26]"=-2 | -3- ] **  [ "r[27]"=-2 | -3- ] **  [ "r[28]"=-2 | -3- ] **  [ "r[29]"=-2 | -3- ] ** 
 [ "r[30]"=-2 | -3- ] **  [ "r[31]"=-2 | -3- ] **  [ "r[32]"=-2 | -3- ] **  [ "r[33]"=-2 | -3- ] **  [ "r[34]"=-2 | -3- ] ** 
 [ "r[35]"=-2 | -3- ] **  [ "r[36]"=-2 | -3- ] **  [ "r[37]"=-2 | -3- ] **  [ "r[38]"=-2 | -3- ] **  [ "r[39]"=-2 | -3- ] ** 
FINAL PV VALUE IS -376.000000. Global score = -1537228672809129216.000000 Objective=-1537228672809129216.000000
char pvsol[] = "1001000100000000000000000000001110000101-2-2-2-2-2-2-2-2-2-2-2-2-2-2-2-2-2-2-2-2-2-2-2-2-2-2-2-2-2-2-2-2-2-2-2-2-2-2-2-2-2-2-2-2-2-2-2-2-2-2-2-2-2-2-2-2-2-2-2-2-2-2-2-2-2-2-2-2-2-2-2-2-2-2-2-2-2-2-2-2"
